<?xml version="1.0" encoding="UTF-8"?>
<!-- Generated by org.testng.reporters.JUnitReportReporter -->
<testsuite skipped="0" hostname="DESKTOP-5GI3OCP" name="com.mytests.LoginTest" tests="2" failures="0" timestamp="11 Sep 2021 04:35:55 GMT" time="26.086" errors="0">
  <testcase name="verifyLoginPageTitleTest" time="10.274" classname="com.mytests.LoginTest"/>
  <testcase name="verifydoLoginTest" time="15.812" classname="com.mytests.LoginTest"/>
</testsuite> <!-- com.mytests.LoginTest -->
