<?xml version="1.0" encoding="UTF-8"?>
<!-- Generated by org.testng.reporters.JUnitReportReporter -->
<testsuite skipped="0" hostname="DESKTOP-5GI3OCP" name="com.mytests.LoginPageTest" tests="2" failures="0" timestamp="11 Sep 2021 05:15:02 GMT" time="22.660" errors="0">
  <testcase name="verifyLoginPageTitleTest" time="9.931" classname="com.mytests.LoginPageTest"/>
  <testcase name="verifydoLoginTest" time="12.729" classname="com.mytests.LoginPageTest"/>
</testsuite> <!-- com.mytests.LoginPageTest -->
