<?xml version="1.0" encoding="UTF-8"?>
<!-- Generated by org.testng.reporters.JUnitReportReporter -->
<testsuite skipped="0" hostname="DESKTOP-5GI3OCP" name="com.mytests.HomePageTest" tests="1" failures="0" timestamp="11 Sep 2021 05:15:02 GMT" time="15.890" errors="0">
  <testcase name="verifyHomePageTitleTest" time="15.890" classname="com.mytests.HomePageTest"/>
</testsuite> <!-- com.mytests.HomePageTest -->
