<?xml version="1.0" encoding="UTF-8"?>
<!-- Generated by org.testng.reporters.JUnitReportReporter -->
<testsuite skipped="0" hostname="DESKTOP-5GI3OCP" name="com.mytests.LoginPageTest" tests="2" failures="0" timestamp="12 Sep 2021 18:51:02 GMT" time="21.979" errors="0">
  <testcase name="verifyLoginPageTitleTest" time="9.841" classname="com.mytests.LoginPageTest"/>
  <testcase name="verifydoLoginTest" time="12.138" classname="com.mytests.LoginPageTest"/>
</testsuite> <!-- com.mytests.LoginPageTest -->
