<?xml version="1.0" encoding="UTF-8"?>
<!-- Generated by org.testng.reporters.JUnitReportReporter -->
<testsuite skipped="0" hostname="DESKTOP-5GI3OCP" name="com.mytests.HomePageTest" tests="1" failures="0" timestamp="12 Sep 2021 18:51:02 GMT" time="16.042" errors="0">
  <testcase name="verifyHomePageTitleTest" time="16.042" classname="com.mytests.HomePageTest"/>
</testsuite> <!-- com.mytests.HomePageTest -->
